<?xml version="1.0" encoding="UTF-8"?>
<!-- Generated by org.testng.reporters.JUnitReportReporter -->
<testsuite hostname="DESKTOP-QNHJ5Q7" failures="0" tests="4" name="logExample.NOPComLogin1" time="43.328" errors="0" timestamp="2022-10-27T23:29:51 PDT" skipped="0">
  <testcase classname="logExample.NOPComLogin1" name="verifyLoginWithInValidUserDetails" time="10.831"/>
  <system-out/>
  <testcase classname="logExample.NOPComLogin1" name="verifyLoginWithInValidUserDetails" time="10.910"/>
  <system-out/>
  <testcase classname="logExample.NOPComLogin1" name="verifyLoginWithInValidUserDetails" time="10.820"/>
  <system-out/>
  <testcase classname="logExample.NOPComLogin1" name="verifyLoginWithInValidUserDetails" time="10.767"/>
  <system-out/>
</testsuite> <!-- logExample.NOPComLogin1 -->
