<?xml version="1.0" encoding="UTF-8"?>
<!-- Generated by org.testng.reporters.JUnitReportReporter -->
<testsuite hostname="DESKTOP-QNHJ5Q7" failures="0" tests="1" name="myPackage.Amazon_TakeScreenshot" time="7.519" errors="0" timestamp="2022-10-24T23:03:24 PDT" skipped="0">
  <testcase classname="myPackage.Amazon_TakeScreenshot" name="searchTest" time="7.519"/>
  <system-out/>
</testsuite> <!-- myPackage.Amazon_TakeScreenshot -->
