<?xml version="1.0" encoding="UTF-8"?>
<!-- Generated by org.testng.reporters.JUnitReportReporter -->
<testsuite hostname="DESKTOP-QNHJ5Q7" failures="0" tests="2" name="myPackage.AlertExample" time="34.135" errors="0" timestamp="2022-10-19T23:35:36 PDT" skipped="0">
  <testcase classname="myPackage.AlertExample" name="confirmAlert" time="18.134"/>
  <system-out/>
  <testcase classname="myPackage.AlertExample" name="simpleAlert" time="16.001"/>
  <system-out/>
</testsuite> <!-- myPackage.AlertExample -->
