<?xml version="1.0" encoding="UTF-8"?>
<!-- Generated by org.testng.reporters.JUnitReportReporter -->
<testsuite hostname="DESKTOP-QNHJ5Q7" failures="0" tests="1" name="myPackage.MyntraTest_JS" time="8.098" errors="0" timestamp="2022-10-25T23:22:38 PDT" skipped="0">
  <testcase classname="myPackage.MyntraTest_JS" name="perfomClickOperation" time="8.098"/>
  <system-out/>
</testsuite> <!-- myPackage.MyntraTest_JS -->
