<?xml version="1.0" encoding="UTF-8"?>
<!-- Generated by org.testng.reporters.JUnitReportReporter -->
<testsuite hostname="DESKTOP-QNHJ5Q7" failures="0" tests="1" name="myPackage.DemoApp_RightClickDoubleClickTest" time="2.491" errors="0" timestamp="2022-10-26T00:39:47 PDT" skipped="0">
  <testcase classname="myPackage.DemoApp_RightClickDoubleClickTest" name="perfomClickOperation" time="2.491"/>
  <system-out/>
</testsuite> <!-- myPackage.DemoApp_RightClickDoubleClickTest -->
