<?xml version="1.0" encoding="UTF-8"?>
<!-- Generated by org.testng.reporters.JUnitReportReporter -->
<testsuite hostname="DESKTOP-QNHJ5Q7" failures="0" tests="3" name="logExample.NOPComLogin" time="4.279" errors="0" timestamp="2022-10-27T00:09:48 PDT" skipped="0">
  <testcase classname="logExample.NOPComLogin" name="verifyLogin" time="3.169"/>
  <system-out/>
  <testcase classname="logExample.NOPComLogin" name="verifyAppTitle" time="0.034"/>
  <system-out/>
  <testcase classname="logExample.NOPComLogin" name="verufyLogout" time="1.076"/>
  <system-out/>
</testsuite> <!-- logExample.NOPComLogin -->
