<?xml version="1.0" encoding="UTF-8"?>
<!-- Generated by org.testng.reporters.JUnitReportReporter -->
<testsuite hostname="DESKTOP-QNHJ5Q7" failures="0" tests="1" name="tests.LoginTest" time="2.954" errors="0" timestamp="2022-10-30T23:33:45 PDT" skipped="0">
  <testcase classname="tests.LoginTest" name="verifyLoginFeature" time="2.954"/>
  <system-out/>
</testsuite> <!-- tests.LoginTest -->
