<?xml version="1.0" encoding="UTF-8"?>
<!-- Generated by org.testng.reporters.JUnitReportReporter -->
<testsuite hostname="DESKTOP-QNHJ5Q7" failures="0" tests="1" name="myPackage.SampleAppTest" time="25.229" errors="0" timestamp="2022-10-26T00:16:56 PDT" skipped="0">
  <testcase classname="myPackage.SampleAppTest" name="verifyLogin" time="25.229"/>
  <system-out/>
</testsuite> <!-- myPackage.SampleAppTest -->
