<?xml version="1.0" encoding="UTF-8"?>
<!-- Generated by org.testng.reporters.JUnitReportReporter -->
<testsuite hostname="DESKTOP-QNHJ5Q7" failures="0" tests="1" name="myPackage.MyClass1" time="32.658" errors="0" timestamp="2022-10-17T23:55:57 PDT" skipped="0">
  <testcase classname="myPackage.MyClass1" name="test3" time="32.658"/>
  <system-out/>
</testsuite> <!-- myPackage.MyClass1 -->
