<?xml version="1.0" encoding="UTF-8"?>
<!-- Generated by org.testng.reporters.JUnitReportReporter -->
<testsuite hostname="DESKTOP-QNHJ5Q7" failures="0" tests="2" name="myPackage.TestNGAnnotations2" time="16.476" errors="0" timestamp="2022-10-20T23:52:07 PDT" skipped="0">
  <testcase classname="myPackage.TestNGAnnotations2" name="login" time="5.263"/>
  <system-out/>
  <testcase classname="myPackage.TestNGAnnotations2" name="logout" time="11.213"/>
  <system-out/>
</testsuite> <!-- myPackage.TestNGAnnotations2 -->
