<?xml version="1.0" encoding="UTF-8"?>
<!-- Generated by org.testng.reporters.JUnitReportReporter -->
<testsuite hostname="DESKTOP-QNHJ5Q7" failures="0" tests="2" name="myPackage.AppStoreTestNG" time="16.406" errors="0" timestamp="2022-10-20T23:50:25 PDT" skipped="0">
  <testcase classname="myPackage.AppStoreTestNG" name="login" time="5.254"/>
  <system-out/>
  <testcase classname="myPackage.AppStoreTestNG" name="logout" time="11.152"/>
  <system-out/>
</testsuite> <!-- myPackage.AppStoreTestNG -->
