<?xml version="1.0" encoding="UTF-8"?>
<!-- Generated by org.testng.reporters.JUnitReportReporter -->
<testsuite hostname="DESKTOP-QNHJ5Q7" failures="0" tests="1" name="myPackage.IRCTCAPP_Window" time="39.440" errors="0" timestamp="2022-10-25T00:52:09 PDT" skipped="0">
  <testcase classname="myPackage.IRCTCAPP_Window" name="switchWindow" time="39.440"/>
  <system-out/>
</testsuite> <!-- myPackage.IRCTCAPP_Window -->
