<?xml version="1.0" encoding="UTF-8"?>
<!-- Generated by org.testng.reporters.JUnitReportReporter -->
<testsuite hostname="DESKTOP-QNHJ5Q7" failures="0" tests="1" name="myPackage.PayTM_IFrame" time="13.999" errors="0" timestamp="2022-10-25T00:04:13 PDT" skipped="0">
  <testcase classname="myPackage.PayTM_IFrame" name="verifyFrameTest1" time="13.999"/>
  <system-out/>
</testsuite> <!-- myPackage.PayTM_IFrame -->
