<?xml version="1.0" encoding="UTF-8"?>
<!-- Generated by org.testng.reporters.JUnitReportReporter -->
<testsuite hostname="DESKTOP-QNHJ5Q7" failures="0" tests="1" name="myPackage.MyClass2" time="31.186" errors="0" timestamp="2022-10-19T00:24:15 PDT" skipped="0">
  <testcase classname="myPackage.MyClass2" name="test1" time="31.186"/>
  <system-out/>
</testsuite> <!-- myPackage.MyClass2 -->
