<?xml version="1.0" encoding="UTF-8"?>
<!-- Generated by org.testng.reporters.JUnitReportReporter -->
<testsuite hostname="DESKTOP-QNHJ5Q7" failures="0" tests="1" name="myPackage.HRMLoginTest_JSExample" time="12.120" errors="0" timestamp="2022-10-25T23:14:24 PDT" skipped="0">
  <testcase classname="myPackage.HRMLoginTest_JSExample" name="perfomClickOperation" time="12.120"/>
  <system-out/>
</testsuite> <!-- myPackage.HRMLoginTest_JSExample -->
