<?xml version="1.0" encoding="UTF-8"?>
<!-- Generated by org.testng.reporters.JUnitReportReporter -->
<testsuite hostname="DESKTOP-QNHJ5Q7" failures="0" tests="2" name="myPackage.DemoApp_RightClickDoubleClickTest2" time="2.245" errors="0" timestamp="2022-10-26T00:41:54 PDT" skipped="1">
  <testcase classname="myPackage.DemoApp_RightClickDoubleClickTest2" name="perfomDoubleClick" time="2.245"/>
  <system-out/>
  <testcase classname="myPackage.DemoApp_RightClickDoubleClickTest2" name="perfomClickOperation">
    <skipped/>
  </testcase> <!-- perfomClickOperation -->
  <system-out/>
</testsuite> <!-- myPackage.DemoApp_RightClickDoubleClickTest2 -->
