<?xml version="1.0" encoding="UTF-8"?>
<!-- Generated by org.testng.reporters.JUnitReportReporter -->
<testsuite hostname="DESKTOP-QNHJ5Q7" failures="0" tests="4" name="myPackage.TestNGAnnotations" time="0.038" errors="0" timestamp="2022-10-20T23:24:02 PDT" skipped="0">
  <testcase classname="myPackage.TestNGAnnotations" name="login" time="0.010"/>
  <system-out/>
  <testcase classname="myPackage.TestNGAnnotations" name="addItem" time="0.010"/>
  <system-out/>
  <testcase classname="myPackage.TestNGAnnotations" name="payment" time="0.010"/>
  <system-out/>
  <testcase classname="myPackage.TestNGAnnotations" name="logout" time="0.008"/>
  <system-out/>
</testsuite> <!-- myPackage.TestNGAnnotations -->
