<?xml version="1.0" encoding="UTF-8"?>
<!-- Generated by org.testng.reporters.JUnitReportReporter -->
<testsuite hostname="DESKTOP-QNHJ5Q7" failures="0" tests="1" name="myPackage.SampleAppTest2" time="19.401" errors="0" timestamp="2022-10-26T00:18:26 PDT" skipped="0">
  <testcase classname="myPackage.SampleAppTest2" name="verifyLogin" time="19.401"/>
  <system-out/>
</testsuite> <!-- myPackage.SampleAppTest2 -->
